0 info it worked if it ends with ok
1 verbose cli [ 'C:\\Program Files\\nodejs\\node.exe',
1 verbose cli   'C:\\Users\\Kahne\\AppData\\Roaming\\npm\\node_modules\\npm\\bin\\npm-cli.js',
1 verbose cli   'run',
1 verbose cli   'lint' ]
2 info using npm@3.5.0
3 info using node@v5.1.0
4 verbose run-script [ 'prelint', 'lint', 'postlint' ]
5 info lifecycle csv-simple-search@1.0.0~prelint: csv-simple-search@1.0.0
6 silly lifecycle csv-simple-search@1.0.0~prelint: no script for prelint, continuing
7 info lifecycle csv-simple-search@1.0.0~lint: csv-simple-search@1.0.0
8 verbose lifecycle csv-simple-search@1.0.0~lint: unsafe-perm in lifecycle true
9 verbose lifecycle csv-simple-search@1.0.0~lint: PATH: C:\Users\Kahne\AppData\Roaming\npm\node_modules\npm\bin\node-gyp-bin;C:\Projects\csv-simple-search\node_modules\.bin;C:\Program Files\ConEmu;C:\Program Files\ConEmu\ConEmu;C:\Program Files\Haskell\bin;C:\Program Files\Haskell Platform\2014.2.0.0\lib\extralibs\bin;C:\Program Files\Haskell Platform\2014.2.0.0\bin;C:\windows\system32;C:\windows;C:\windows\System32\Wbem;C:\windows\System32\WindowsPowerShell\v1.0\;C:\Program Files (x86)\Windows Kits\8.1\Windows Performance Toolkit\;C:\Program Files\Microsoft SQL Server\110\Tools\Binn\;C:\Program Files (x86)\GtkSharp\2.12\bin;C:\Program Files\Microsoft SQL Server\120\Tools\Binn\;C:\Program Files\Java\jdk1.7.0_67\bin;C:\Program Files (x86)\sbt\;C:\ProgramData\chocolatey\bin;C:\Program Files\Haskell Platform\2014.2.0.0\mingw\bin;C:\Program Files\Microsoft\Web Platform Installer\;C:\Program Files (x86)\GitExtensions\;C:\Program Files (x86)\Windows Live\Shared;C:\Program Files\nodejs\;C:\WINDOWS\system32;C:\WINDOWS;C:\WINDOWS\System32\Wbem;C:\WINDOWS\System32\WindowsPowerShell\v1.0\;C:\Users\Kahne\.dnx\bin;C:\Program Files\Microsoft DNX\Dnvm\;C:\Program Files (x86)\Skype\Phone\;C:\Program Files\Microsoft SQL Server\Client SDK\ODBC\110\Tools\Binn\;C:\Program Files (x86)\Microsoft SQL Server\120\Tools\Binn\;C:\Program Files\Microsoft SQL Server\120\DTS\Binn\;C:\Program Files (x86)\Microsoft SQL Server\120\Tools\Binn\ManagementStudio\;C:\Program Files (x86)\Microsoft SQL Server\120\DTS\Binn\;C:\Program Files (x86)\Microsoft Team Foundation Server 2015 Power Tools\;C:\Program Files (x86)\Common Files\Propellerhead Software\ReWire\;C:\Program Files\Common Files\Propellerhead Software\ReWire\;C:\Program Files\Git\cmd;C:\Ruby21\bin;C:\Users\Kahne\AppData\Roaming\cabal\bin;C:\Program Files (x86)\Git\bin;C:\Program Files\phantomjs-1.9.8;C:\Program Files\MongoDB\bin;C:\Users\Kahne\AppData\Roaming\npm;C:\Program Files\Sublime Text 2;C:\Program Files (x86)\Microsoft VS Code\bin
10 verbose lifecycle csv-simple-search@1.0.0~lint: CWD: C:\Projects\csv-simple-search
11 silly lifecycle csv-simple-search@1.0.0~lint: Args: [ '/d /s /c', 'eslint . --cache' ]
12 silly lifecycle csv-simple-search@1.0.0~lint: Returned: code: 1  signal: null
13 info lifecycle csv-simple-search@1.0.0~lint: Failed to exec lint script
14 verbose stack Error: csv-simple-search@1.0.0 lint: `eslint . --cache`
14 verbose stack Exit status 1
14 verbose stack     at EventEmitter.<anonymous> (C:\Users\Kahne\AppData\Roaming\npm\node_modules\npm\lib\utils\lifecycle.js:232:16)
14 verbose stack     at emitTwo (events.js:87:13)
14 verbose stack     at EventEmitter.emit (events.js:172:7)
14 verbose stack     at ChildProcess.<anonymous> (C:\Users\Kahne\AppData\Roaming\npm\node_modules\npm\lib\utils\spawn.js:24:14)
14 verbose stack     at emitTwo (events.js:87:13)
14 verbose stack     at ChildProcess.emit (events.js:172:7)
14 verbose stack     at maybeClose (internal/child_process.js:818:16)
14 verbose stack     at Process.ChildProcess._handle.onexit (internal/child_process.js:211:5)
15 verbose pkgid csv-simple-search@1.0.0
16 verbose cwd C:\Projects\csv-simple-search
17 error Windows_NT 10.0.10586
18 error argv "C:\\Program Files\\nodejs\\node.exe" "C:\\Users\\Kahne\\AppData\\Roaming\\npm\\node_modules\\npm\\bin\\npm-cli.js" "run" "lint"
19 error node v5.1.0
20 error npm  v3.5.0
21 error code ELIFECYCLE
22 error csv-simple-search@1.0.0 lint: `eslint . --cache`
22 error Exit status 1
23 error Failed at the csv-simple-search@1.0.0 lint script 'eslint . --cache'.
23 error Make sure you have the latest version of node.js and npm installed.
23 error If you do, this is most likely a problem with the csv-simple-search package,
23 error not with npm itself.
23 error Tell the author that this fails on your system:
23 error     eslint . --cache
23 error You can get their info via:
23 error     npm owner ls csv-simple-search
23 error There is likely additional logging output above.
24 verbose exit [ 1, true ]
